<?xml version="1.0" encoding="UTF-8"?>
<testsuites name="Verify" time="13.489" tests="1" failures="0" errors="0">
   <testsuite name="Verify" tests="1" failures="0" errors="0" time="13.489" skipped="0" timestamp="2023-09-06 14:30:33" hostname="mrifqi.habibi - localhost" id="Test Suites/Saucedemo/Verify">
      <properties>
         <property name="deviceName" value=""/>
         <property name="devicePlatform" value=""/>
         <property name="logFolder" value="/Users/mrifqi.habibi/git/katalon-example/Reports/20230906_143029/Saucedemo/Verify/20230906_143029"/>
         <property name="logFiles" value="/Users/mrifqi.habibi/git/katalon-example/Reports/20230906_143029/Saucedemo/Verify/20230906_143029/execution0.log"/>
         <property name="attachments" value=""/>
         <property name="hostName" value="mrifqi.habibi - localhost"/>
         <property name="os" value="Mac OS X 64bit"/>
         <property name="katalonVersion" value="8.6.6.208"/>
         <property name="browser" value="Chrome 116.0.0.0"/>
         <property name="hostAddress" value="127.0.0.1"/>
         <property name="sessionId" value="2788023b086604cf46d0067723dd4d8c"/>
         <property name="seleniumVersion" value="3.141.59"/>
         <property name="proxyInformation" value="ProxyInformation { proxyOption=NO_PROXY, proxyServerType=HTTP, username=, password=********, proxyServerAddress=, proxyServerPort=0, executionList=&quot;&quot;, isApplyToDesiredCapabilities=true }"/>
         <property name="platform" value="Mac OS X"/>
      </properties>
      <testcase name="Test Cases/Saucedemo/test_case1" time="13.015" classname="Test Cases/Saucedemo/test_case1" status="PASSED">
         <system-out><![CDATA[2023-09-06 14:30:33 - [TEST_CASE][PASSED] - Test Cases/Saucedemo/test_case1: Test Cases/Saucedemo/test_case1

2023-09-06 14:30:34 - [TEST_STEP][PASSED] - openBrowser(""): Browser is opened with url: ''

2023-09-06 14:30:34 - [MESSAGE][INFO] - Starting 'Chrome' driver

2023-09-06 14:30:34 - [MESSAGE][INFO] - Action delay is set to 0 milliseconds

2023-09-06 14:30:44 - [MESSAGE][PASSED] - Browser is opened with url: ''

2023-09-06 14:30:44 - [TEST_STEP][PASSED] - navigateToUrl(url_saucedemo): Navigate to 'https://www.saucedemo.com/' successfully

2023-09-06 14:30:46 - [MESSAGE][PASSED] - Navigate to 'https://www.saucedemo.com/' successfully

2023-09-06 14:30:46 - [TEST_STEP][PASSED] - verifyTextPresent("Swag Labs", false): Text 'Swag Labs' is present on page 

2023-09-06 14:30:46 - [MESSAGE][PASSED] - Text 'Swag Labs' is present on page 

2023-09-06 14:30:46 - [TEST_STEP][PASSED] - closeBrowser(): Browser is closed

2023-09-06 14:30:46 - [MESSAGE][PASSED] - Browser is closed]]></system-out>
         <system-err><![CDATA[]]></system-err>
      </testcase>
      <system-out><![CDATA[2023-09-06 14:30:33 - [TEST_SUITE][PASSED] - Verify: Test Cases/Saucedemo/test_case1]]></system-out>
      <system-err><![CDATA[]]></system-err>
   </testsuite>
</testsuites>
